<?xml version="1.0" encoding="UTF-8"?>
<coverage generated="1680399866627" clover="3.2.0">
  <project timestamp="1680399866627" name="All files">
    <metrics statements="68" coveredstatements="32" conditionals="6" coveredconditionals="3" methods="12" coveredmethods="4" elements="86" coveredelements="39" complexity="0" loc="68" ncloc="68" packages="3" files="5" classes="5"/>
    <package name="config">
      <metrics statements="11" coveredstatements="8" conditionals="2" coveredconditionals="1" methods="1" coveredmethods="1"/>
      <file name="index.ts" path="/home/gleison/projetos-driven/2023/ApiUol/src/config/index.ts">
        <metrics statements="11" coveredstatements="8" conditionals="2" coveredconditionals="1" methods="1" coveredmethods="1"/>
        <line num="1" count="1" type="stmt"/>
        <line num="2" count="1" type="stmt"/>
        <line num="4" count="1" type="stmt"/>
        <line num="9" count="1" type="cond" truecount="1" falsecount="1"/>
        <line num="10" count="1" type="stmt"/>
        <line num="11" count="0" type="stmt"/>
        <line num="12" count="0" type="stmt"/>
        <line num="15" count="1" type="stmt"/>
        <line num="16" count="1" type="stmt"/>
        <line num="18" count="0" type="stmt"/>
        <line num="21" count="1" type="stmt"/>
      </file>
    </package>
    <package name="repository">
      <metrics statements="25" coveredstatements="5" conditionals="0" coveredconditionals="0" methods="6" coveredmethods="0"/>
      <file name="messagesRepository.ts" path="/home/gleison/projetos-driven/2023/ApiUol/src/repository/messagesRepository.ts">
        <metrics statements="10" coveredstatements="2" conditionals="0" coveredconditionals="0" methods="2" coveredmethods="0"/>
        <line num="1" count="1" type="stmt"/>
        <line num="6" count="0" type="stmt"/>
        <line num="7" count="0" type="stmt"/>
        <line num="8" count="0" type="stmt"/>
        <line num="10" count="0" type="stmt"/>
        <line num="15" count="0" type="stmt"/>
        <line num="16" count="0" type="stmt"/>
        <line num="17" count="0" type="stmt"/>
        <line num="19" count="0" type="stmt"/>
        <line num="23" count="1" type="stmt"/>
      </file>
      <file name="participantRepository.ts" path="/home/gleison/projetos-driven/2023/ApiUol/src/repository/participantRepository.ts">
        <metrics statements="15" coveredstatements="3" conditionals="0" coveredconditionals="0" methods="4" coveredmethods="0"/>
        <line num="1" count="1" type="stmt"/>
        <line num="2" count="1" type="stmt"/>
        <line num="6" count="0" type="stmt"/>
        <line num="7" count="0" type="stmt"/>
        <line num="11" count="0" type="stmt"/>
        <line num="15" count="0" type="stmt"/>
        <line num="19" count="0" type="stmt"/>
        <line num="20" count="0" type="stmt"/>
        <line num="28" count="0" type="stmt"/>
        <line num="30" count="0" type="stmt"/>
        <line num="39" count="0" type="stmt"/>
        <line num="40" count="0" type="stmt"/>
        <line num="41" count="0" type="stmt"/>
        <line num="43" count="0" type="stmt"/>
        <line num="50" count="1" type="stmt"/>
      </file>
    </package>
    <package name="services">
      <metrics statements="32" coveredstatements="19" conditionals="4" coveredconditionals="2" methods="5" coveredmethods="3"/>
      <file name="messageService.ts" path="/home/gleison/projetos-driven/2023/ApiUol/src/services/messageService.ts">
        <metrics statements="22" coveredstatements="9" conditionals="3" coveredconditionals="1" methods="3" coveredmethods="1"/>
        <line num="2" count="1" type="stmt"/>
        <line num="4" count="1" type="stmt"/>
        <line num="5" count="1" type="stmt"/>
        <line num="10" count="2" type="stmt"/>
        <line num="12" count="2" type="cond" truecount="1" falsecount="0"/>
        <line num="13" count="1" type="stmt"/>
        <line num="21" count="1" type="stmt"/>
        <line num="27" count="1" type="stmt"/>
        <line num="31" count="0" type="stmt"/>
        <line num="34" count="0" type="stmt"/>
        <line num="37" count="0" type="stmt"/>
        <line num="38" count="0" type="stmt"/>
        <line num="40" count="0" type="stmt"/>
        <line num="45" count="0" type="cond" truecount="0" falsecount="1"/>
        <line num="46" count="0" type="stmt"/>
        <line num="47" count="0" type="stmt"/>
        <line num="48" count="0" type="stmt"/>
        <line num="49" count="0" type="cond" truecount="0" falsecount="1"/>
        <line num="50" count="0" type="stmt"/>
        <line num="54" count="0" type="stmt"/>
        <line num="57" count="0" type="stmt"/>
        <line num="60" count="1" type="stmt"/>
      </file>
      <file name="participantService.ts" path="/home/gleison/projetos-driven/2023/ApiUol/src/services/participantService.ts">
        <metrics statements="10" coveredstatements="10" conditionals="1" coveredconditionals="1" methods="2" coveredmethods="2"/>
        <line num="2" count="1" type="stmt"/>
        <line num="5" count="2" type="stmt"/>
        <line num="7" count="2" type="cond" truecount="1" falsecount="0"/>
        <line num="8" count="1" type="stmt"/>
        <line num="16" count="1" type="stmt"/>
        <line num="18" count="1" type="stmt"/>
        <line num="20" count="1" type="stmt"/>
        <line num="24" count="1" type="stmt"/>
        <line num="25" count="1" type="stmt"/>
        <line num="28" count="1" type="stmt"/>
      </file>
    </package>
  </project>
</coverage>
