{"/home/gleison/projetos-driven/2023/ApiUol/src/config/index.ts": {"path":"/home/gleison/projetos-driven/2023/ApiUol/src/config/index.ts","statementMap":{"0":{"start":{"line":1,"column":0},"end":{"line":1,"column":38}},"1":{"start":{"line":2,"column":0},"end":{"line":2,"column":28}},"2":{"start":{"line":4,"column":0},"end":{"line":4,"column":16}},"3":{"start":{"line":9,"column":22},"end":{"line":9,"column":66}},"4":{"start":{"line":10,"column":2},"end":{"line":10,"column":30}},"5":{"start":{"line":11,"column":2},"end":{"line":11,"column":41}},"6":{"start":{"line":12,"column":2},"end":{"line":12,"column":40}},"7":{"start":{"line":15,"column":0},"end":{"line":19,"column":null}},"8":{"start":{"line":16,"column":2},"end":{"line":16,"column":9}},"9":{"start":{"line":18,"column":2},"end":{"line":18,"column":40}},"10":{"start":{"line":21,"column":0},"end":{"line":21,"column":18}}},"fnMap":{"0":{"name":"init","decl":{"start":{"line":8,"column":15},"end":{"line":8,"column":19}},"loc":{"start":{"line":8,"column":19},"end":{"line":13,"column":2}}}},"branchMap":{"0":{"loc":{"start":{"line":9,"column":38},"end":{"line":9,"column":65}},"type":"binary-expr","locations":[{"start":{"line":9,"column":38},"end":{"line":9,"column":59}},{"start":{"line":9,"column":63},"end":{"line":9,"column":65}}]}},"s":{"0":1,"1":1,"2":1,"3":1,"4":1,"5":0,"6":0,"7":1,"8":1,"9":0,"10":1},"f":{"0":1},"b":{"0":[1,0]}}
,"/home/gleison/projetos-driven/2023/ApiUol/src/repository/messagesRepository.ts": {"path":"/home/gleison/projetos-driven/2023/ApiUol/src/repository/messagesRepository.ts","statementMap":{"0":{"start":{"line":1,"column":0},"end":{"line":1,"column":33}},"1":{"start":{"line":6,"column":4},"end":{"line":11,"column":null}},"2":{"start":{"line":7,"column":8},"end":{"line":7,"column":67}},"3":{"start":{"line":8,"column":8},"end":{"line":8,"column":null}},"4":{"start":{"line":10,"column":8},"end":{"line":10,"column":23}},"5":{"start":{"line":15,"column":4},"end":{"line":20,"column":6}},"6":{"start":{"line":16,"column":25},"end":{"line":16,"column":81}},"7":{"start":{"line":17,"column":8},"end":{"line":17,"column":null}},"8":{"start":{"line":19,"column":8},"end":{"line":19,"column":23}},"9":{"start":{"line":23,"column":0},"end":{"line":26,"column":null}}},"fnMap":{"0":{"name":"createMessage","decl":{"start":{"line":5,"column":15},"end":{"line":5,"column":28}},"loc":{"start":{"line":5,"column":65},"end":{"line":12,"column":2}}},"1":{"name":"findMessages","decl":{"start":{"line":14,"column":15},"end":{"line":14,"column":27}},"loc":{"start":{"line":14,"column":55},"end":{"line":21,"column":2}}}},"branchMap":{},"s":{"0":1,"1":0,"2":0,"3":0,"4":0,"5":0,"6":0,"7":0,"8":0,"9":1},"f":{"0":0,"1":0},"b":{}}
,"/home/gleison/projetos-driven/2023/ApiUol/src/repository/participantRepository.ts": {"path":"/home/gleison/projetos-driven/2023/ApiUol/src/repository/participantRepository.ts","statementMap":{"0":{"start":{"line":1,"column":0},"end":{"line":1,"column":33}},"1":{"start":{"line":2,"column":0},"end":{"line":2,"column":26}},"2":{"start":{"line":6,"column":24},"end":{"line":6,"column":77}},"3":{"start":{"line":7,"column":4},"end":{"line":7,"column":23}},"4":{"start":{"line":11,"column":4},"end":{"line":14,"column":7}},"5":{"start":{"line":15,"column":4},"end":{"line":15,"column":null}},"6":{"start":{"line":19,"column":4},"end":{"line":34,"column":null}},"7":{"start":{"line":20,"column":8},"end":{"line":26,"column":11}},"8":{"start":{"line":28,"column":8},"end":{"line":28,"column":null}},"9":{"start":{"line":30,"column":8},"end":{"line":33,"column":10}},"10":{"start":{"line":39,"column":4},"end":{"line":47,"column":6}},"11":{"start":{"line":40,"column":29},"end":{"line":40,"column":83}},"12":{"start":{"line":41,"column":8},"end":{"line":41,"column":28}},"13":{"start":{"line":43,"column":8},"end":{"line":46,"column":10}},"14":{"start":{"line":50,"column":0},"end":{"line":55,"column":2}}},"fnMap":{"0":{"name":"findParticipant","decl":{"start":{"line":5,"column":15},"end":{"line":5,"column":30}},"loc":{"start":{"line":5,"column":45},"end":{"line":8,"column":2}}},"1":{"name":"createParticipant","decl":{"start":{"line":10,"column":15},"end":{"line":10,"column":32}},"loc":{"start":{"line":10,"column":47},"end":{"line":16,"column":2}}},"2":{"name":"createEnterMessage","decl":{"start":{"line":18,"column":15},"end":{"line":18,"column":33}},"loc":{"start":{"line":18,"column":48},"end":{"line":36,"column":2}}},"3":{"name":"findAllParticipants","decl":{"start":{"line":38,"column":15},"end":{"line":38,"column":34}},"loc":{"start":{"line":38,"column":34},"end":{"line":48,"column":2}}}},"branchMap":{},"s":{"0":1,"1":1,"2":0,"3":0,"4":0,"5":0,"6":0,"7":0,"8":0,"9":0,"10":0,"11":0,"12":0,"13":0,"14":1},"f":{"0":0,"1":0,"2":0,"3":0},"b":{}}
,"/home/gleison/projetos-driven/2023/ApiUol/src/services/messageService.ts": {"path":"/home/gleison/projetos-driven/2023/ApiUol/src/services/messageService.ts","statementMap":{"0":{"start":{"line":2,"column":0},"end":{"line":2,"column":26}},"1":{"start":{"line":4,"column":0},"end":{"line":4,"column":72}},"2":{"start":{"line":5,"column":0},"end":{"line":5,"column":65}},"3":{"start":{"line":10,"column":24},"end":{"line":10,"column":73}},"4":{"start":{"line":12,"column":4},"end":{"line":20,"column":null}},"5":{"start":{"line":13,"column":8},"end":{"line":19,"column":null}},"6":{"start":{"line":21,"column":25},"end":{"line":24,"column":null}},"7":{"start":{"line":27,"column":4},"end":{"line":27,"column":59}},"8":{"start":{"line":31,"column":27},"end":{"line":33,"column":6}},"9":{"start":{"line":34,"column":23},"end":{"line":36,"column":6}},"10":{"start":{"line":37,"column":48},"end":{"line":37,"column":90}},"11":{"start":{"line":38,"column":46},"end":{"line":38,"column":86}},"12":{"start":{"line":40,"column":24},"end":{"line":43,"column":6}},"13":{"start":{"line":45,"column":4},"end":{"line":55,"column":null}},"14":{"start":{"line":46,"column":28},"end":{"line":46,"column":43}},"15":{"start":{"line":47,"column":42},"end":{"line":47,"column":44}},"16":{"start":{"line":48,"column":8},"end":{"line":52,"column":11}},"17":{"start":{"line":49,"column":12},"end":{"line":51,"column":14}},"18":{"start":{"line":50,"column":16},"end":{"line":50,"column":48}},"19":{"start":{"line":54,"column":8},"end":{"line":54,"column":33}},"20":{"start":{"line":57,"column":4},"end":{"line":57,"column":23}},"21":{"start":{"line":60,"column":0},"end":{"line":63,"column":2}}},"fnMap":{"0":{"name":"gatherDatas","decl":{"start":{"line":9,"column":15},"end":{"line":9,"column":26}},"loc":{"start":{"line":9,"column":60},"end":{"line":28,"column":2}}},"1":{"name":"getMessages","decl":{"start":{"line":30,"column":15},"end":{"line":30,"column":26}},"loc":{"start":{"line":30,"column":59},"end":{"line":58,"column":2}}},"2":{"name":"(anonymous_12)","decl":{"start":{"line":48,"column":28},"end":{"line":48,"column":29}},"loc":{"start":{"line":48,"column":55},"end":{"line":52,"column":9}}}},"branchMap":{"0":{"loc":{"start":{"line":12,"column":4},"end":{"line":20,"column":null}},"type":"if","locations":[{"start":{"line":12,"column":4},"end":{"line":20,"column":null}}]},"1":{"loc":{"start":{"line":45,"column":4},"end":{"line":55,"column":null}},"type":"if","locations":[{"start":{"line":45,"column":4},"end":{"line":55,"column":null}}]},"2":{"loc":{"start":{"line":45,"column":7},"end":{"line":45,"column":41}},"type":"binary-expr","locations":[{"start":{"line":45,"column":7},"end":{"line":45,"column":12}},{"start":{"line":45,"column":16},"end":{"line":45,"column":41}}]},"3":{"loc":{"start":{"line":49,"column":12},"end":{"line":51,"column":14}},"type":"if","locations":[{"start":{"line":49,"column":12},"end":{"line":51,"column":14}}]}},"s":{"0":1,"1":1,"2":1,"3":2,"4":2,"5":1,"6":1,"7":1,"8":1,"9":1,"10":1,"11":1,"12":1,"13":1,"14":0,"15":0,"16":0,"17":0,"18":0,"19":0,"20":1,"21":1},"f":{"0":2,"1":1,"2":0},"b":{"0":[1],"1":[0],"2":[1,0],"3":[0]}}
,"/home/gleison/projetos-driven/2023/ApiUol/src/services/participantService.ts": {"path":"/home/gleison/projetos-driven/2023/ApiUol/src/services/participantService.ts","statementMap":{"0":{"start":{"line":2,"column":0},"end":{"line":2,"column":72}},"1":{"start":{"line":5,"column":29},"end":{"line":5,"column":78}},"2":{"start":{"line":7,"column":4},"end":{"line":14,"column":null}},"3":{"start":{"line":8,"column":8},"end":{"line":13,"column":null}},"4":{"start":{"line":16,"column":4},"end":{"line":16,"column":56}},"5":{"start":{"line":18,"column":4},"end":{"line":18,"column":57}},"6":{"start":{"line":20,"column":4},"end":{"line":20,"column":null}},"7":{"start":{"line":24,"column":25},"end":{"line":24,"column":74}},"8":{"start":{"line":25,"column":4},"end":{"line":25,"column":24}},"9":{"start":{"line":28,"column":0},"end":{"line":31,"column":2}}},"fnMap":{"0":{"name":"registerParticipant","decl":{"start":{"line":4,"column":15},"end":{"line":4,"column":34}},"loc":{"start":{"line":4,"column":47},"end":{"line":21,"column":2}}},"1":{"name":"getAllParticipants","decl":{"start":{"line":23,"column":15},"end":{"line":23,"column":33}},"loc":{"start":{"line":23,"column":33},"end":{"line":26,"column":2}}}},"branchMap":{"0":{"loc":{"start":{"line":7,"column":4},"end":{"line":14,"column":null}},"type":"if","locations":[{"start":{"line":7,"column":4},"end":{"line":14,"column":null}}]}},"s":{"0":1,"1":2,"2":2,"3":1,"4":1,"5":1,"6":1,"7":1,"8":1,"9":1},"f":{"0":2,"1":1},"b":{"0":[1]}}
,"/home/gleison/projetos-driven/2023/ApiUol/tests/factories/index.ts": {"path":"/home/gleison/projetos-driven/2023/ApiUol/tests/factories/index.ts","statementMap":{"0":{"start":{"line":1,"column":0},"end":{"line":1,"column":40}},"1":{"start":{"line":3,"column":0},"end":{"line":3,"column":26}},"2":{"start":{"line":5,"column":24},"end":{"line":5,"column":46}},"3":{"start":{"line":7,"column":44},"end":{"line":12,"column":2}},"4":{"start":{"line":14,"column":33},"end":{"line":18,"column":2}},"5":{"start":{"line":20,"column":26},"end":{"line":36,"column":1}},"6":{"start":{"line":21,"column":48},"end":{"line":27,"column":10}},"7":{"start":{"line":29,"column":26},"end":{"line":29,"column":28}},"8":{"start":{"line":31,"column":8},"end":{"line":33,"column":null}},"9":{"start":{"line":31,"column":20},"end":{"line":31,"column":21}},"10":{"start":{"line":32,"column":12},"end":{"line":32,"column":40}},"11":{"start":{"line":35,"column":8},"end":{"line":35,"column":27}},"12":{"start":{"line":38,"column":28},"end":{"line":54,"column":1}},"13":{"start":{"line":39,"column":45},"end":{"line":45,"column":6}},"14":{"start":{"line":47,"column":22},"end":{"line":47,"column":24}},"15":{"start":{"line":49,"column":4},"end":{"line":51,"column":null}},"16":{"start":{"line":49,"column":16},"end":{"line":49,"column":17}},"17":{"start":{"line":50,"column":8},"end":{"line":50,"column":38}},"18":{"start":{"line":53,"column":4},"end":{"line":53,"column":23}},"19":{"start":{"line":56,"column":0},"end":{"line":62,"column":null}}},"fnMap":{"0":{"name":"(anonymous_1)","decl":{"start":{"line":20,"column":26},"end":{"line":20,"column":27}},"loc":{"start":{"line":20,"column":64},"end":{"line":36,"column":1}}},"1":{"name":"(anonymous_2)","decl":{"start":{"line":38,"column":28},"end":{"line":38,"column":29}},"loc":{"start":{"line":38,"column":68},"end":{"line":54,"column":1}}}},"branchMap":{},"s":{"0":1,"1":1,"2":1,"3":1,"4":1,"5":1,"6":1,"7":1,"8":1,"9":1,"10":1,"11":1,"12":1,"13":1,"14":1,"15":1,"16":1,"17":1,"18":1,"19":1},"f":{"0":1,"1":1},"b":{}}
}
