TN:
SF:src/config/index.ts
FN:8,init
FNF:1
FNH:1
FNDA:1,init
DA:1,1
DA:2,1
DA:4,1
DA:9,1
DA:10,1
DA:11,0
DA:12,0
DA:15,1
DA:16,1
DA:18,0
DA:21,1
LF:11
LH:8
BRDA:9,0,0,1
BRDA:9,0,1,0
BRF:2
BRH:1
end_of_record
TN:
SF:src/repository/messagesRepository.ts
FN:5,createMessage
FN:14,findMessages
FNF:2
FNH:0
FNDA:0,createMessage
FNDA:0,findMessages
DA:1,1
DA:6,0
DA:7,0
DA:8,0
DA:10,0
DA:15,0
DA:16,0
DA:17,0
DA:19,0
DA:23,1
LF:10
LH:2
BRF:0
BRH:0
end_of_record
TN:
SF:src/repository/participantRepository.ts
FN:5,findParticipant
FN:10,createParticipant
FN:18,createEnterMessage
FN:38,findAllParticipants
FNF:4
FNH:0
FNDA:0,findParticipant
FNDA:0,createParticipant
FNDA:0,createEnterMessage
FNDA:0,findAllParticipants
DA:1,1
DA:2,1
DA:6,0
DA:7,0
DA:11,0
DA:15,0
DA:19,0
DA:20,0
DA:28,0
DA:30,0
DA:39,0
DA:40,0
DA:41,0
DA:43,0
DA:50,1
LF:15
LH:3
BRF:0
BRH:0
end_of_record
TN:
SF:src/services/messageService.ts
FN:9,gatherDatas
FN:30,getMessages
FN:48,(anonymous_12)
FNF:3
FNH:1
FNDA:1,gatherDatas
FNDA:0,getMessages
FNDA:0,(anonymous_12)
DA:2,1
DA:4,1
DA:5,1
DA:10,1
DA:12,1
DA:13,0
DA:21,1
DA:27,1
DA:31,0
DA:34,0
DA:37,0
DA:38,0
DA:40,0
DA:45,0
DA:46,0
DA:47,0
DA:48,0
DA:49,0
DA:50,0
DA:54,0
DA:57,0
DA:60,1
LF:22
LH:8
BRDA:12,0,0,0
BRDA:45,1,0,0
BRDA:49,2,0,0
BRF:3
BRH:0
end_of_record
TN:
SF:src/services/participantService.ts
FN:4,registerParticipant
FN:23,getAllParticipants
FNF:2
FNH:2
FNDA:2,registerParticipant
FNDA:1,getAllParticipants
DA:2,1
DA:5,2
DA:7,2
DA:8,1
DA:16,1
DA:18,1
DA:20,1
DA:24,1
DA:25,1
DA:28,1
LF:10
LH:10
BRDA:7,0,0,1
BRF:1
BRH:1
end_of_record
