TN:
SF:src/config/index.ts
FN:8,init
FNF:1
FNH:1
FNDA:1,init
DA:1,1
DA:2,1
DA:4,1
DA:9,1
DA:10,1
DA:11,0
DA:12,0
DA:15,1
DA:16,1
DA:18,0
DA:21,1
LF:11
LH:8
BRDA:9,0,0,1
BRDA:9,0,1,0
BRF:2
BRH:1
end_of_record
TN:
SF:src/repository/participantRepository.ts
FN:5,findParticipant
FN:10,createParticipant
FN:18,createEnterMessage
FN:38,findAllParticipants
FNF:4
FNH:0
FNDA:0,findParticipant
FNDA:0,createParticipant
FNDA:0,createEnterMessage
FNDA:0,findAllParticipants
DA:1,1
DA:2,1
DA:6,0
DA:7,0
DA:11,0
DA:15,0
DA:19,0
DA:20,0
DA:28,0
DA:30,0
DA:39,0
DA:40,0
DA:41,0
DA:43,0
DA:50,1
LF:15
LH:3
BRF:0
BRH:0
end_of_record
TN:
SF:src/services/participantService.ts
FN:4,registerParticipant
FN:23,getAllParticipants
FNF:2
FNH:1
FNDA:1,registerParticipant
FNDA:0,getAllParticipants
DA:2,1
DA:5,1
DA:7,1
DA:8,0
DA:16,1
DA:18,1
DA:20,1
DA:24,0
DA:25,0
DA:28,1
LF:10
LH:7
BRDA:7,0,0,0
BRF:1
BRH:0
end_of_record
